<?xml version="1.0" encoding="UTF-8"?>
<testsuite xmlns:xsi="http://www.w3.org/2001/XMLSchema-instance" xsi:noNamespaceSchemaLocation="https://maven.apache.org/surefire/maven-surefire-plugin/xsd/surefire-test-report-3.0.xsd" version="3.0" name="TestSuite" time="133.838" tests="7" errors="0" skipped="0" failures="0">
  <properties>
    <property name="gopherProxySet" value="false"/>
    <property name="awt.toolkit" value="sun.lwawt.macosx.LWCToolkit"/>
    <property name="file.encoding.pkg" value="sun.io"/>
    <property name="java.specification.version" value="1.8"/>
    <property name="sun.cpu.isalist" value=""/>
    <property name="sun.jnu.encoding" value="UTF-8"/>
    <property name="java.class.path" value="/Users/hisyammukharor/javaotomet/demo/target/test-classes:/Users/hisyammukharor/javaotomet/demo/target/classes:/Users/hisyammukharor/.m2/repository/junit/junit/3.8.1/junit-3.8.1.jar:/Users/hisyammukharor/.m2/repository/org/seleniumhq/selenium/selenium-java/3.141.59/selenium-java-3.141.59.jar:/Users/hisyammukharor/.m2/repository/org/seleniumhq/selenium/selenium-api/3.141.59/selenium-api-3.141.59.jar:/Users/hisyammukharor/.m2/repository/org/seleniumhq/selenium/selenium-chrome-driver/3.141.59/selenium-chrome-driver-3.141.59.jar:/Users/hisyammukharor/.m2/repository/org/seleniumhq/selenium/selenium-edge-driver/3.141.59/selenium-edge-driver-3.141.59.jar:/Users/hisyammukharor/.m2/repository/org/seleniumhq/selenium/selenium-firefox-driver/3.141.59/selenium-firefox-driver-3.141.59.jar:/Users/hisyammukharor/.m2/repository/org/seleniumhq/selenium/selenium-ie-driver/3.141.59/selenium-ie-driver-3.141.59.jar:/Users/hisyammukharor/.m2/repository/org/seleniumhq/selenium/selenium-opera-driver/3.141.59/selenium-opera-driver-3.141.59.jar:/Users/hisyammukharor/.m2/repository/org/seleniumhq/selenium/selenium-remote-driver/3.141.59/selenium-remote-driver-3.141.59.jar:/Users/hisyammukharor/.m2/repository/org/seleniumhq/selenium/selenium-safari-driver/3.141.59/selenium-safari-driver-3.141.59.jar:/Users/hisyammukharor/.m2/repository/org/seleniumhq/selenium/selenium-support/3.141.59/selenium-support-3.141.59.jar:/Users/hisyammukharor/.m2/repository/net/bytebuddy/byte-buddy/1.8.15/byte-buddy-1.8.15.jar:/Users/hisyammukharor/.m2/repository/org/apache/commons/commons-exec/1.3/commons-exec-1.3.jar:/Users/hisyammukharor/.m2/repository/com/google/guava/guava/25.0-jre/guava-25.0-jre.jar:/Users/hisyammukharor/.m2/repository/com/google/code/findbugs/jsr305/1.3.9/jsr305-1.3.9.jar:/Users/hisyammukharor/.m2/repository/org/checkerframework/checker-compat-qual/2.0.0/checker-compat-qual-2.0.0.jar:/Users/hisyammukharor/.m2/repository/com/google/errorprone/error_prone_annotations/2.1.3/error_prone_annotations-2.1.3.jar:/Users/hisyammukharor/.m2/repository/com/google/j2objc/j2objc-annotations/1.1/j2objc-annotations-1.1.jar:/Users/hisyammukharor/.m2/repository/org/codehaus/mojo/animal-sniffer-annotations/1.14/animal-sniffer-annotations-1.14.jar:/Users/hisyammukharor/.m2/repository/com/squareup/okhttp3/okhttp/3.11.0/okhttp-3.11.0.jar:/Users/hisyammukharor/.m2/repository/com/squareup/okio/okio/1.14.0/okio-1.14.0.jar:/Users/hisyammukharor/.m2/repository/org/testng/testng/7.4.0/testng-7.4.0.jar:/Users/hisyammukharor/.m2/repository/com/beust/jcommander/1.78/jcommander-1.78.jar:/Users/hisyammukharor/.m2/repository/org/webjars/jquery/3.5.1/jquery-3.5.1.jar:/Users/hisyammukharor/.m2/repository/io/github/bonigarcia/webdrivermanager/4.4.3/webdrivermanager-4.4.3.jar:/Users/hisyammukharor/.m2/repository/org/slf4j/slf4j-api/1.7.30/slf4j-api-1.7.30.jar:/Users/hisyammukharor/.m2/repository/commons-io/commons-io/2.8.0/commons-io-2.8.0.jar:/Users/hisyammukharor/.m2/repository/com/google/code/gson/gson/2.8.6/gson-2.8.6.jar:/Users/hisyammukharor/.m2/repository/org/apache/commons/commons-lang3/3.12.0/commons-lang3-3.12.0.jar:/Users/hisyammukharor/.m2/repository/org/apache/httpcomponents/client5/httpclient5/5.0.3/httpclient5-5.0.3.jar:/Users/hisyammukharor/.m2/repository/org/apache/httpcomponents/core5/httpcore5/5.0.2/httpcore5-5.0.2.jar:/Users/hisyammukharor/.m2/repository/org/apache/httpcomponents/core5/httpcore5-h2/5.0.2/httpcore5-h2-5.0.2.jar:/Users/hisyammukharor/.m2/repository/commons-codec/commons-codec/1.13/commons-codec-1.13.jar:/Users/hisyammukharor/.m2/repository/org/rauschig/jarchivelib/1.1.0/jarchivelib-1.1.0.jar:/Users/hisyammukharor/.m2/repository/org/apache/commons/commons-compress/1.20/commons-compress-1.20.jar:/Users/hisyammukharor/.m2/repository/org/jsoup/jsoup/1.13.1/jsoup-1.13.1.jar:/Users/hisyammukharor/.m2/repository/com/aventstack/extentreports/5.0.8/extentreports-5.0.8.jar:/Users/hisyammukharor/.m2/repository/io/reactivex/rxjava3/rxjava/3.0.4/rxjava-3.0.4.jar:/Users/hisyammukharor/.m2/repository/org/reactivestreams/reactive-streams/1.0.3/reactive-streams-1.0.3.jar:/Users/hisyammukharor/.m2/repository/org/freemarker/freemarker/2.3.30/freemarker-2.3.30.jar:/Users/hisyammukharor/.m2/repository/org/projectlombok/lombok/1.18.12/lombok-1.18.12.jar:/Users/hisyammukharor/.m2/repository/io/rest-assured/rest-assured/4.4.0/rest-assured-4.4.0.jar:/Users/hisyammukharor/.m2/repository/org/codehaus/groovy/groovy/3.0.8/groovy-3.0.8.jar:/Users/hisyammukharor/.m2/repository/org/codehaus/groovy/groovy-xml/3.0.8/groovy-xml-3.0.8.jar:/Users/hisyammukharor/.m2/repository/org/apache/httpcomponents/httpclient/4.5.13/httpclient-4.5.13.jar:/Users/hisyammukharor/.m2/repository/org/apache/httpcomponents/httpcore/4.4.13/httpcore-4.4.13.jar:/Users/hisyammukharor/.m2/repository/commons-logging/commons-logging/1.2/commons-logging-1.2.jar:/Users/hisyammukharor/.m2/repository/org/apache/httpcomponents/httpmime/4.5.13/httpmime-4.5.13.jar:/Users/hisyammukharor/.m2/repository/org/hamcrest/hamcrest/2.1/hamcrest-2.1.jar:/Users/hisyammukharor/.m2/repository/org/ccil/cowan/tagsoup/tagsoup/1.2.1/tagsoup-1.2.1.jar:/Users/hisyammukharor/.m2/repository/io/rest-assured/json-path/4.4.0/json-path-4.4.0.jar:/Users/hisyammukharor/.m2/repository/org/codehaus/groovy/groovy-json/3.0.8/groovy-json-3.0.8.jar:/Users/hisyammukharor/.m2/repository/io/rest-assured/rest-assured-common/4.4.0/rest-assured-common-4.4.0.jar:/Users/hisyammukharor/.m2/repository/io/rest-assured/xml-path/4.4.0/xml-path-4.4.0.jar:/Users/hisyammukharor/.m2/repository/jakarta/xml/bind/jakarta.xml.bind-api/2.3.3/jakarta.xml.bind-api-2.3.3.jar:/Users/hisyammukharor/.m2/repository/jakarta/activation/jakarta.activation-api/1.2.2/jakarta.activation-api-1.2.2.jar:/Users/hisyammukharor/.m2/repository/com/sun/xml/bind/jaxb-impl/2.3.3/jaxb-impl-2.3.3.jar:/Users/hisyammukharor/.m2/repository/org/apache/logging/log4j/log4j-api/2.14.1/log4j-api-2.14.1.jar:/Users/hisyammukharor/.m2/repository/org/apache/logging/log4j/log4j-core/2.14.1/log4j-core-2.14.1.jar:"/>
    <property name="java.vm.vendor" value="Oracle Corporation"/>
    <property name="sun.arch.data.model" value="64"/>
    <property name="java.vendor.url" value="http://java.oracle.com/"/>
    <property name="user.timezone" value=""/>
    <property name="java.vm.specification.version" value="1.8"/>
    <property name="os.name" value="Mac OS X"/>
    <property name="user.country" value="ID"/>
    <property name="sun.java.launcher" value="SUN_STANDARD"/>
    <property name="sun.boot.library.path" value="/Library/Java/JavaVirtualMachines/jdk1.8.0_261.jdk/Contents/Home/jre/lib"/>
    <property name="sun.java.command" value="/Users/hisyammukharor/javaotomet/demo/target/surefire/surefirebooter5606790339931800735.jar /Users/hisyammukharor/javaotomet/demo/target/surefire 2021-09-05T19-30-39_730-jvmRun1 surefire9131541877030703382tmp surefire_05220271903139936329tmp"/>
    <property name="surefire.test.class.path" value="/Users/hisyammukharor/javaotomet/demo/target/test-classes:/Users/hisyammukharor/javaotomet/demo/target/classes:/Users/hisyammukharor/.m2/repository/junit/junit/3.8.1/junit-3.8.1.jar:/Users/hisyammukharor/.m2/repository/org/seleniumhq/selenium/selenium-java/3.141.59/selenium-java-3.141.59.jar:/Users/hisyammukharor/.m2/repository/org/seleniumhq/selenium/selenium-api/3.141.59/selenium-api-3.141.59.jar:/Users/hisyammukharor/.m2/repository/org/seleniumhq/selenium/selenium-chrome-driver/3.141.59/selenium-chrome-driver-3.141.59.jar:/Users/hisyammukharor/.m2/repository/org/seleniumhq/selenium/selenium-edge-driver/3.141.59/selenium-edge-driver-3.141.59.jar:/Users/hisyammukharor/.m2/repository/org/seleniumhq/selenium/selenium-firefox-driver/3.141.59/selenium-firefox-driver-3.141.59.jar:/Users/hisyammukharor/.m2/repository/org/seleniumhq/selenium/selenium-ie-driver/3.141.59/selenium-ie-driver-3.141.59.jar:/Users/hisyammukharor/.m2/repository/org/seleniumhq/selenium/selenium-opera-driver/3.141.59/selenium-opera-driver-3.141.59.jar:/Users/hisyammukharor/.m2/repository/org/seleniumhq/selenium/selenium-remote-driver/3.141.59/selenium-remote-driver-3.141.59.jar:/Users/hisyammukharor/.m2/repository/org/seleniumhq/selenium/selenium-safari-driver/3.141.59/selenium-safari-driver-3.141.59.jar:/Users/hisyammukharor/.m2/repository/org/seleniumhq/selenium/selenium-support/3.141.59/selenium-support-3.141.59.jar:/Users/hisyammukharor/.m2/repository/net/bytebuddy/byte-buddy/1.8.15/byte-buddy-1.8.15.jar:/Users/hisyammukharor/.m2/repository/org/apache/commons/commons-exec/1.3/commons-exec-1.3.jar:/Users/hisyammukharor/.m2/repository/com/google/guava/guava/25.0-jre/guava-25.0-jre.jar:/Users/hisyammukharor/.m2/repository/com/google/code/findbugs/jsr305/1.3.9/jsr305-1.3.9.jar:/Users/hisyammukharor/.m2/repository/org/checkerframework/checker-compat-qual/2.0.0/checker-compat-qual-2.0.0.jar:/Users/hisyammukharor/.m2/repository/com/google/errorprone/error_prone_annotations/2.1.3/error_prone_annotations-2.1.3.jar:/Users/hisyammukharor/.m2/repository/com/google/j2objc/j2objc-annotations/1.1/j2objc-annotations-1.1.jar:/Users/hisyammukharor/.m2/repository/org/codehaus/mojo/animal-sniffer-annotations/1.14/animal-sniffer-annotations-1.14.jar:/Users/hisyammukharor/.m2/repository/com/squareup/okhttp3/okhttp/3.11.0/okhttp-3.11.0.jar:/Users/hisyammukharor/.m2/repository/com/squareup/okio/okio/1.14.0/okio-1.14.0.jar:/Users/hisyammukharor/.m2/repository/org/testng/testng/7.4.0/testng-7.4.0.jar:/Users/hisyammukharor/.m2/repository/com/beust/jcommander/1.78/jcommander-1.78.jar:/Users/hisyammukharor/.m2/repository/org/webjars/jquery/3.5.1/jquery-3.5.1.jar:/Users/hisyammukharor/.m2/repository/io/github/bonigarcia/webdrivermanager/4.4.3/webdrivermanager-4.4.3.jar:/Users/hisyammukharor/.m2/repository/org/slf4j/slf4j-api/1.7.30/slf4j-api-1.7.30.jar:/Users/hisyammukharor/.m2/repository/commons-io/commons-io/2.8.0/commons-io-2.8.0.jar:/Users/hisyammukharor/.m2/repository/com/google/code/gson/gson/2.8.6/gson-2.8.6.jar:/Users/hisyammukharor/.m2/repository/org/apache/commons/commons-lang3/3.12.0/commons-lang3-3.12.0.jar:/Users/hisyammukharor/.m2/repository/org/apache/httpcomponents/client5/httpclient5/5.0.3/httpclient5-5.0.3.jar:/Users/hisyammukharor/.m2/repository/org/apache/httpcomponents/core5/httpcore5/5.0.2/httpcore5-5.0.2.jar:/Users/hisyammukharor/.m2/repository/org/apache/httpcomponents/core5/httpcore5-h2/5.0.2/httpcore5-h2-5.0.2.jar:/Users/hisyammukharor/.m2/repository/commons-codec/commons-codec/1.13/commons-codec-1.13.jar:/Users/hisyammukharor/.m2/repository/org/rauschig/jarchivelib/1.1.0/jarchivelib-1.1.0.jar:/Users/hisyammukharor/.m2/repository/org/apache/commons/commons-compress/1.20/commons-compress-1.20.jar:/Users/hisyammukharor/.m2/repository/org/jsoup/jsoup/1.13.1/jsoup-1.13.1.jar:/Users/hisyammukharor/.m2/repository/com/aventstack/extentreports/5.0.8/extentreports-5.0.8.jar:/Users/hisyammukharor/.m2/repository/io/reactivex/rxjava3/rxjava/3.0.4/rxjava-3.0.4.jar:/Users/hisyammukharor/.m2/repository/org/reactivestreams/reactive-streams/1.0.3/reactive-streams-1.0.3.jar:/Users/hisyammukharor/.m2/repository/org/freemarker/freemarker/2.3.30/freemarker-2.3.30.jar:/Users/hisyammukharor/.m2/repository/org/projectlombok/lombok/1.18.12/lombok-1.18.12.jar:/Users/hisyammukharor/.m2/repository/io/rest-assured/rest-assured/4.4.0/rest-assured-4.4.0.jar:/Users/hisyammukharor/.m2/repository/org/codehaus/groovy/groovy/3.0.8/groovy-3.0.8.jar:/Users/hisyammukharor/.m2/repository/org/codehaus/groovy/groovy-xml/3.0.8/groovy-xml-3.0.8.jar:/Users/hisyammukharor/.m2/repository/org/apache/httpcomponents/httpclient/4.5.13/httpclient-4.5.13.jar:/Users/hisyammukharor/.m2/repository/org/apache/httpcomponents/httpcore/4.4.13/httpcore-4.4.13.jar:/Users/hisyammukharor/.m2/repository/commons-logging/commons-logging/1.2/commons-logging-1.2.jar:/Users/hisyammukharor/.m2/repository/org/apache/httpcomponents/httpmime/4.5.13/httpmime-4.5.13.jar:/Users/hisyammukharor/.m2/repository/org/hamcrest/hamcrest/2.1/hamcrest-2.1.jar:/Users/hisyammukharor/.m2/repository/org/ccil/cowan/tagsoup/tagsoup/1.2.1/tagsoup-1.2.1.jar:/Users/hisyammukharor/.m2/repository/io/rest-assured/json-path/4.4.0/json-path-4.4.0.jar:/Users/hisyammukharor/.m2/repository/org/codehaus/groovy/groovy-json/3.0.8/groovy-json-3.0.8.jar:/Users/hisyammukharor/.m2/repository/io/rest-assured/rest-assured-common/4.4.0/rest-assured-common-4.4.0.jar:/Users/hisyammukharor/.m2/repository/io/rest-assured/xml-path/4.4.0/xml-path-4.4.0.jar:/Users/hisyammukharor/.m2/repository/jakarta/xml/bind/jakarta.xml.bind-api/2.3.3/jakarta.xml.bind-api-2.3.3.jar:/Users/hisyammukharor/.m2/repository/jakarta/activation/jakarta.activation-api/1.2.2/jakarta.activation-api-1.2.2.jar:/Users/hisyammukharor/.m2/repository/com/sun/xml/bind/jaxb-impl/2.3.3/jaxb-impl-2.3.3.jar:/Users/hisyammukharor/.m2/repository/org/apache/logging/log4j/log4j-api/2.14.1/log4j-api-2.14.1.jar:/Users/hisyammukharor/.m2/repository/org/apache/logging/log4j/log4j-core/2.14.1/log4j-core-2.14.1.jar:"/>
    <property name="sun.cpu.endian" value="little"/>
    <property name="user.home" value="/Users/hisyammukharor"/>
    <property name="user.language" value="en"/>
    <property name="java.specification.vendor" value="Oracle Corporation"/>
    <property name="java.home" value="/Library/Java/JavaVirtualMachines/jdk1.8.0_261.jdk/Contents/Home/jre"/>
    <property name="basedir" value="/Users/hisyammukharor/javaotomet/demo"/>
    <property name="file.separator" value="/"/>
    <property name="line.separator" value="&#10;"/>
    <property name="java.vm.specification.vendor" value="Oracle Corporation"/>
    <property name="java.specification.name" value="Java Platform API Specification"/>
    <property name="java.awt.graphicsenv" value="sun.awt.CGraphicsEnvironment"/>
    <property name="surefire.real.class.path" value="/Users/hisyammukharor/javaotomet/demo/target/surefire/surefirebooter5606790339931800735.jar"/>
    <property name="sun.boot.class.path" value="/Library/Java/JavaVirtualMachines/jdk1.8.0_261.jdk/Contents/Home/jre/lib/resources.jar:/Library/Java/JavaVirtualMachines/jdk1.8.0_261.jdk/Contents/Home/jre/lib/rt.jar:/Library/Java/JavaVirtualMachines/jdk1.8.0_261.jdk/Contents/Home/jre/lib/sunrsasign.jar:/Library/Java/JavaVirtualMachines/jdk1.8.0_261.jdk/Contents/Home/jre/lib/jsse.jar:/Library/Java/JavaVirtualMachines/jdk1.8.0_261.jdk/Contents/Home/jre/lib/jce.jar:/Library/Java/JavaVirtualMachines/jdk1.8.0_261.jdk/Contents/Home/jre/lib/charsets.jar:/Library/Java/JavaVirtualMachines/jdk1.8.0_261.jdk/Contents/Home/jre/lib/jfr.jar:/Library/Java/JavaVirtualMachines/jdk1.8.0_261.jdk/Contents/Home/jre/classes"/>
    <property name="sun.management.compiler" value="HotSpot 64-Bit Tiered Compilers"/>
    <property name="java.runtime.version" value="1.8.0_261-b12"/>
    <property name="user.name" value="hisyammukharor"/>
    <property name="path.separator" value=":"/>
    <property name="os.version" value="10.16"/>
    <property name="java.endorsed.dirs" value="/Library/Java/JavaVirtualMachines/jdk1.8.0_261.jdk/Contents/Home/jre/lib/endorsed"/>
    <property name="java.runtime.name" value="Java(TM) SE Runtime Environment"/>
    <property name="file.encoding" value="UTF-8"/>
    <property name="java.vm.name" value="Java HotSpot(TM) 64-Bit Server VM"/>
    <property name="localRepository" value="/Users/hisyammukharor/.m2/repository"/>
    <property name="java.vendor.url.bug" value="http://bugreport.sun.com/bugreport/"/>
    <property name="java.io.tmpdir" value="/var/folders/nr/8sdk8xss1gj23mhvt4890vdh0000gp/T/"/>
    <property name="java.version" value="1.8.0_261"/>
    <property name="user.dir" value="/Users/hisyammukharor/javaotomet/demo"/>
    <property name="os.arch" value="x86_64"/>
    <property name="java.vm.specification.name" value="Java Virtual Machine Specification"/>
    <property name="java.awt.printerjob" value="sun.lwawt.macosx.CPrinterJob"/>
    <property name="sun.os.patch.level" value="unknown"/>
    <property name="java.library.path" value="/Users/hisyammukharor/Library/Java/Extensions:/Library/Java/Extensions:/Network/Library/Java/Extensions:/System/Library/Java/Extensions:/usr/lib/java:."/>
    <property name="java.vm.info" value="mixed mode"/>
    <property name="java.vendor" value="Oracle Corporation"/>
    <property name="java.vm.version" value="25.261-b12"/>
    <property name="java.ext.dirs" value="/Users/hisyammukharor/Library/Java/Extensions:/Library/Java/JavaVirtualMachines/jdk1.8.0_261.jdk/Contents/Home/jre/lib/ext:/Library/Java/Extensions:/Network/Library/Java/Extensions:/System/Library/Java/Extensions:/usr/lib/java"/>
    <property name="sun.io.unicode.encoding" value="UnicodeBig"/>
    <property name="java.class.version" value="52.0"/>
  </properties>
  <testcase name="login" classname="TestSuite.AppTest" time="20.368"/>
  <testcase name="createSecret" classname="TestSuite.AppTest" time="36.427"/>
  <testcase name="createSecretWithoutPermission" classname="TestSuite.AppTest" time="33.139"/>
  <testcase name="updateSecretPermission" classname="TestSuite.AppTest" time="24.974"/>
  <testcase name="requestVANoAuth" classname="TestSuite.AppTest" time="4.744"/>
  <testcase name="requestVAAuth" classname="TestSuite.AppTest" time="4.531"/>
  <testcase name="validateVAList" classname="TestSuite.AppTest" time="3.229"/>
</testsuite>