<?xml version="1.0" encoding="UTF-8"?>
<!-- Generated by org.testng.reporters.JUnitReportReporter -->
<testsuite skipped="0" hostname="MacBook-Pro.local" name="TestSuite.AppTest" tests="7" failures="0" timestamp="2021-09-05T19:32:54 WIB" time="127.404" errors="0">
  <testcase name="login" time="20.365" classname="TestSuite.AppTest"/>
  <system-out/>
  <testcase name="createSecret" time="36.426" classname="TestSuite.AppTest"/>
  <system-out/>
  <testcase name="createSecretWithoutPermission" time="33.138" classname="TestSuite.AppTest"/>
  <system-out/>
  <testcase name="updateSecretPermission" time="24.974" classname="TestSuite.AppTest"/>
  <system-out/>
  <testcase name="requestVANoAuth" time="4.743" classname="TestSuite.AppTest"/>
  <system-out/>
  <testcase name="requestVAAuth" time="4.530" classname="TestSuite.AppTest"/>
  <system-out/>
  <testcase name="validateVAList" time="3.228" classname="TestSuite.AppTest"/>
  <system-out/>
</testsuite> <!-- TestSuite.AppTest -->
